Determining size of off64_t failed with the following output:
Change Dir: /home/meguida/Documents/2019/open3d20190213_V1/build/CMakeFiles/CMakeTmp

Run Build Command:"/usr/bin/gmake" "cmTC_57b0e/fast"
/usr/bin/gmake -f CMakeFiles/cmTC_57b0e.dir/build.make CMakeFiles/cmTC_57b0e.dir/build
gmake[1]: Entering directory `/home/meguida/Documents/2019/open3d20190213_V1/build/CMakeFiles/CMakeTmp'
Building C object CMakeFiles/cmTC_57b0e.dir/OFF64_T.c.o
/usr/bin/cc -DHAVE_STDDEF_H -DHAVE_STDINT_H -DHAVE_SYS_TYPES_H  -fPIC -fopenmp    -o CMakeFiles/cmTC_57b0e.dir/OFF64_T.c.o   -c /home/meguida/Documents/2019/open3d20190213_V1/build/CMakeFiles/CheckTypeSize/OFF64_T.c
/home/meguida/Documents/2019/open3d20190213_V1/build/CMakeFiles/CheckTypeSize/OFF64_T.c:23:22: error: ‘off64_t’ undeclared here (not in a function)
 #define SIZE (sizeof(off64_t))
                      ^
/home/meguida/Documents/2019/open3d20190213_V1/build/CMakeFiles/CheckTypeSize/OFF64_T.c:25:12: note: in expansion of macro ‘SIZE’
   ('0' + ((SIZE / 10000)%10)),
            ^
gmake[1]: *** [CMakeFiles/cmTC_57b0e.dir/OFF64_T.c.o] Error 1
gmake[1]: Leaving directory `/home/meguida/Documents/2019/open3d20190213_V1/build/CMakeFiles/CMakeTmp'
gmake: *** [cmTC_57b0e/fast] Error 2

/home/meguida/Documents/2019/open3d20190213_V1/build/CMakeFiles/CheckTypeSize/OFF64_T.c:
#include <sys/types.h>
#include <stdint.h>
#include <stddef.h>


#undef KEY
#if defined(__i386)
# define KEY '_','_','i','3','8','6'
#elif defined(__x86_64)
# define KEY '_','_','x','8','6','_','6','4'
#elif defined(__ppc__)
# define KEY '_','_','p','p','c','_','_'
#elif defined(__ppc64__)
# define KEY '_','_','p','p','c','6','4','_','_'
#elif defined(__aarch64__)
# define KEY '_','_','a','a','r','c','h','6','4','_','_'
#elif defined(__ARM_ARCH_7A__)
# define KEY '_','_','A','R','M','_','A','R','C','H','_','7','A','_','_'
#elif defined(__ARM_ARCH_7S__)
# define KEY '_','_','A','R','M','_','A','R','C','H','_','7','S','_','_'
#endif

#define SIZE (sizeof(off64_t))
char info_size[] =  {'I', 'N', 'F', 'O', ':', 's','i','z','e','[',
  ('0' + ((SIZE / 10000)%10)),
  ('0' + ((SIZE / 1000)%10)),
  ('0' + ((SIZE / 100)%10)),
  ('0' + ((SIZE / 10)%10)),
  ('0' +  (SIZE    % 10)),
  ']',
#ifdef KEY
  ' ','k','e','y','[', KEY, ']',
#endif
  '\0'};

#ifdef __CLASSIC_C__
int main(argc, argv) int argc; char *argv[];
#else
int main(int argc, char *argv[])
#endif
{
  int require = 0;
  require += info_size[argc];
  (void)argv;
  return require;
}


Performing C++ SOURCE FILE Test HAS_CPP14_FLAG failed with the following output:
Change Dir: /home/meguida/Documents/2019/open3d20190213_V1/build/CMakeFiles/CMakeTmp

Run Build Command:"/usr/bin/gmake" "cmTC_261f5/fast"
/usr/bin/gmake -f CMakeFiles/cmTC_261f5.dir/build.make CMakeFiles/cmTC_261f5.dir/build
gmake[1]: Entering directory `/home/meguida/Documents/2019/open3d20190213_V1/build/CMakeFiles/CMakeTmp'
Building CXX object CMakeFiles/cmTC_261f5.dir/src.cxx.o
/usr/bin/c++    -std=c++11 -fPIC -fopenmp -DHAS_CPP14_FLAG   -std=c++14 -o CMakeFiles/cmTC_261f5.dir/src.cxx.o -c /home/meguida/Documents/2019/open3d20190213_V1/build/CMakeFiles/CMakeTmp/src.cxx
c++: error: unrecognized command line option '-std=c++14'
gmake[1]: *** [CMakeFiles/cmTC_261f5.dir/src.cxx.o] Error 1
gmake[1]: Leaving directory `/home/meguida/Documents/2019/open3d20190213_V1/build/CMakeFiles/CMakeTmp'
gmake: *** [cmTC_261f5/fast] Error 2

Source file was:
int main() { return 0; }
